#
# There is insufficient memory for the Java Runtime Environment to continue.
# Native memory allocation (malloc) failed to allocate 136496 bytes for Chunk::new
# Possible reasons:
#   The system is out of physical RAM or swap space
#   The process is running with CompressedOops enabled, and the Java Heap may be blocking the growth of the native heap
# Possible solutions:
#   Reduce memory load on the system
#   Increase physical memory or swap space
#   Check if swap backing store is full
#   Decrease Java heap size (-Xmx/-Xms)
#   Decrease number of Java threads
#   Decrease Java thread stack sizes (-Xss)
#   Set larger code cache with -XX:ReservedCodeCacheSize=
#   JVM is running with Unscaled Compressed Oops mode in which the Java heap is
#     placed in the first 4GB address space. The Java Heap base address is the
#     maximum limit for the native heap growth. Please use -XX:HeapBaseMinAddress
#     to set the Java Heap base and to place the Java Heap above 4GB virtual address.
# This output file may be truncated or incomplete.
#
#  Out of Memory Error (arena.cpp:189), pid=204636, tid=200632
#
# JRE version: Java(TM) SE Runtime Environment (17.0.5+9) (build 17.0.5+9-LTS-191)
# Java VM: Java HotSpot(TM) 64-Bit Server VM (17.0.5+9-LTS-191, mixed mode, sharing, tiered, compressed oops, compressed class ptrs, g1 gc, windows-amd64)
# No core dump will be written. Minidumps are not enabled by default on client versions of Windows
#

---------------  S U M M A R Y ------------

Command Line: -ea -Dfile.encoding=UTF-8 -XX:+ShowCodeDetailsInExceptionMessages org.testng.remote.RemoteTestNG -serport 23041 -protocol json -d C:\Users\garvi\eclipse-workspace\RecipePage3\test-output C:\Users\garvi\eclipse-workspace\RecipePage3\testng_NotLoggedIn.xml

Host: 11th Gen Intel(R) Core(TM) i3-1115G4 @ 3.00GHz, 4 cores, 7G,  Windows 11 , 64 bit Build 22000 (10.0.22000.1335)
Time: Thu Feb 23 15:53:37 2023 India Standard Time elapsed time: 308.784836 seconds (0d 0h 5m 8s)

---------------  T H R E A D  ---------------

Current thread (0x00000131a6ad8060):  JavaThread "C2 CompilerThread0" daemon [_thread_in_native, id=200632, stack(0x0000003037d00000,0x0000003037e00000)]


Current CompileTask:
C2: 308785 7609       4       java.util.concurrent.ConcurrentLinkedDeque$AbstractItr::advance (80 bytes)

Stack: [0x0000003037d00000,0x0000003037e00000]
Native frames: (J=compiled Java code, j=interpreted, Vv=VM code, C=native code)
V  [jvm.dll+0x672eea]
V  [jvm.dll+0x7d2a04]
V  [jvm.dll+0x7d41ae]
V  [jvm.dll+0x7d4813]
V  [jvm.dll+0x242c15]
V  [jvm.dll+0xaa57b]
V  [jvm.dll+0xaab0c]
V  [jvm.dll+0x2a997f]
V  [jvm.dll+0x57b307]
V  [jvm.dll+0x21de72]
V  [jvm.dll+0x2177c2]
V  [jvm.dll+0x214fdb]
V  [jvm.dll+0x1a18ed]
V  [jvm.dll+0x22493a]
V  [jvm.dll+0x222aa5]
V  [jvm.dll+0x7885db]
V  [jvm.dll+0x782b4a]
V  [jvm.dll+0x671d75]
C  [ucrtbase.dll+0x26c0c]
C  [KERNEL32.DLL+0x155a0]
C  [ntdll.dll+0x485b]


---------------  P R O C E S S  ---------------

Threads class SMR info:
_java_thread_list=0x00000131a98fbb50, length=101, elements={
0x0000013189338b40, 0x00000131a6abbc80, 0x00000131a6abd250, 0x00000131a6ad3c60,
0x00000131a6ad4610, 0x00000131a6ad5760, 0x00000131a6ae2650, 0x00000131a6ad8060,
0x00000131a6ad8eb0, 0x00000131a6b05b20, 0x00000131a772c890, 0x00000131a7744550,
0x00000131a7eeb0b0, 0x00000131a87a31f0, 0x00000131a8ae0a80, 0x00000131a8ae0f50,
0x00000131aa367890, 0x00000131aa367d60, 0x00000131aa366550, 0x00000131aa3690a0,
0x00000131aa369a40, 0x00000131aa368230, 0x00000131aa366ef0, 0x00000131aa368700,
0x00000131aa369570, 0x00000131aa366080, 0x00000131aa366a20, 0x00000131aa3673c0,
0x00000131a7c96260, 0x00000131a7c98410, 0x00000131a7c975a0, 0x00000131a7c9a5c0,
0x00000131a7c98db0, 0x00000131a7c94f20, 0x00000131a7c97f40, 0x00000131a7c988e0,
0x00000131a7c97a70, 0x00000131a7c93710, 0x00000131a7c99750, 0x00000131a7c99280,
0x00000131a7c99c20, 0x00000131a7c958c0, 0x00000131a7c93be0, 0x00000131a7c9a0f0,
0x00000131a7c96c00, 0x00000131a7c970d0, 0x00000131a7c9aa90, 0x00000131a7c9af60,
0x00000131a7c940b0, 0x00000131a7c953f0, 0x00000131a7c94a50, 0x00000131a7c94580,
0x00000131a7c96730, 0x00000131a8cac230, 0x00000131a8caa550, 0x00000131a8cad0a0,
0x00000131a8caaef0, 0x00000131a8caa080, 0x00000131a8caaa20, 0x00000131a8ca9210,
0x00000131a8ca8d40, 0x00000131a8cac700, 0x00000131a8ca83a0, 0x00000131a8caf720,
0x00000131a8cab3c0, 0x00000131a8ca96e0, 0x00000131a8caf250, 0x00000131a8cafbf0,
0x00000131a8cada40, 0x00000131a8ca8870, 0x00000131a8ca9bb0, 0x00000131a8cacbd0,
0x00000131a8cad570, 0x00000131a8cadf10, 0x00000131a8cae3e0, 0x00000131a8cae8b0,
0x00000131a81c4e70, 0x00000131a81c4000, 0x00000131a81c61b0, 0x00000131a81c1980,
0x00000131a81c7e90, 0x00000131a81c27f0, 0x00000131a81c5810, 0x00000131a81c5340,
0x00000131a81c3190, 0x00000131a81c6680, 0x00000131a81c2cc0, 0x00000131a81c49a0,
0x00000131a81c6b50, 0x00000131a81c14b0, 0x00000131a81c7020, 0x00000131a81c3660,
0x00000131a81c3b30, 0x00000131a81c8360, 0x00000131a81c74f0, 0x00000131a81c5ce0,
0x00000131a81c79c0, 0x00000131a81c8830, 0x00000131a81c8d00, 0x00000131a81c1e50,
0x00000131a75b11e0
}

Java Threads: ( => current thread )
  0x0000013189338b40 JavaThread "Forwarding findElement on session 0b39480c11cd8048630cbae157eac27c to remote" [_thread_blocked, id=200628, stack(0x0000003037000000,0x0000003037100000)]
  0x00000131a6abbc80 JavaThread "Reference Handler" daemon [_thread_blocked, id=195396, stack(0x0000003037700000,0x0000003037800000)]
  0x00000131a6abd250 JavaThread "Finalizer" daemon [_thread_blocked, id=199700, stack(0x0000003037800000,0x0000003037900000)]
  0x00000131a6ad3c60 JavaThread "Signal Dispatcher" daemon [_thread_blocked, id=196072, stack(0x0000003037900000,0x0000003037a00000)]
  0x00000131a6ad4610 JavaThread "Attach Listener" daemon [_thread_blocked, id=200888, stack(0x0000003037a00000,0x0000003037b00000)]
  0x00000131a6ad5760 JavaThread "Service Thread" daemon [_thread_blocked, id=46028, stack(0x0000003037b00000,0x0000003037c00000)]
  0x00000131a6ae2650 JavaThread "Monitor Deflation Thread" daemon [_thread_blocked, id=203324, stack(0x0000003037c00000,0x0000003037d00000)]
=>0x00000131a6ad8060 JavaThread "C2 CompilerThread0" daemon [_thread_in_native, id=200632, stack(0x0000003037d00000,0x0000003037e00000)]
  0x00000131a6ad8eb0 JavaThread "C1 CompilerThread0" daemon [_thread_blocked, id=187996, stack(0x0000003037e00000,0x0000003037f00000)]
  0x00000131a6b05b20 JavaThread "Sweeper thread" daemon [_thread_blocked, id=200328, stack(0x0000003037f00000,0x0000003038000000)]
  0x00000131a772c890 JavaThread "Notification Thread" daemon [_thread_blocked, id=198828, stack(0x0000003038000000,0x0000003038100000)]
  0x00000131a7744550 JavaThread "Common-Cleaner" daemon [_thread_blocked, id=47184, stack(0x0000003038200000,0x0000003038300000)]
  0x00000131a7eeb0b0 JavaThread "ReaderThread" [_thread_in_native, id=83700, stack(0x0000003038600000,0x0000003038700000)]
  0x00000131a87a31f0 JavaThread "ForkJoinPool.commonPool-worker-1" daemon [_thread_blocked, id=203032, stack(0x0000003038800000,0x0000003038900000)]
  0x00000131a8ae0a80 JavaThread "ForkJoinPool.commonPool-worker-2" daemon [_thread_blocked, id=202612, stack(0x0000003038900000,0x0000003038a00000)]
  0x00000131a8ae0f50 JavaThread "ForkJoinPool.commonPool-worker-3" daemon [_thread_blocked, id=195708, stack(0x0000003038a00000,0x0000003038b00000)]
  0x00000131aa367890 JavaThread "AsyncHttpClient-1-1" daemon [_thread_blocked, id=202444, stack(0x0000003038b00000,0x0000003038c00000)]
  0x00000131aa367d60 JavaThread "Exec Default Executor" daemon [_thread_in_native, id=204548, stack(0x0000003038c00000,0x0000003038d00000)]
  0x00000131aa366550 JavaThread "Driver Service Executor" daemon [_thread_blocked, id=199048, stack(0x0000003038d00000,0x0000003038e00000)]
  0x00000131aa3690a0 JavaThread "Driver Service Executor" daemon [_thread_blocked, id=184908, stack(0x0000003038e00000,0x0000003038f00000)]
  0x00000131aa369a40 JavaThread "UrlChecker-2" daemon [_thread_blocked, id=197776, stack(0x0000003038f00000,0x0000003039000000)]
  0x00000131aa368230 JavaThread "Exec Stream Pumper" daemon [_thread_in_native, id=51512, stack(0x0000003039000000,0x0000003039100000)]
  0x00000131aa366ef0 JavaThread "Exec Stream Pumper" daemon [_thread_in_native, id=175088, stack(0x0000003039100000,0x0000003039200000)]
  0x00000131aa368700 JavaThread "AsyncHttpClient-1-2" daemon [_thread_in_native, id=79980, stack(0x0000003039300000,0x0000003039400000)]
  0x00000131aa369570 JavaThread "AsyncHttpClient-1-3" daemon [_thread_in_native, id=198160, stack(0x0000003039200000,0x0000003039300000)]
  0x00000131aa366080 JavaThread "AsyncHttpClient-1-4" daemon [_thread_in_native, id=196132, stack(0x0000003039400000,0x0000003039500000)]
  0x00000131aa366a20 JavaThread "Exec Default Executor" daemon [_thread_in_native, id=204780, stack(0x0000003039500000,0x0000003039600000)]
  0x00000131aa3673c0 JavaThread "Driver Service Executor" daemon [_thread_blocked, id=111304, stack(0x0000003039600000,0x0000003039700000)]
  0x00000131a7c96260 JavaThread "Driver Service Executor" daemon [_thread_blocked, id=203648, stack(0x0000003039700000,0x0000003039800000)]
  0x00000131a7c98410 JavaThread "Exec Stream Pumper" daemon [_thread_in_native, id=12108, stack(0x0000003039800000,0x0000003039900000)]
  0x00000131a7c975a0 JavaThread "Exec Stream Pumper" daemon [_thread_in_native, id=202100, stack(0x0000003039900000,0x0000003039a00000)]
  0x00000131a7c9a5c0 JavaThread "AsyncHttpClient-1-5" daemon [_thread_in_native, id=204404, stack(0x0000003039b00000,0x0000003039c00000)]
  0x00000131a7c98db0 JavaThread "AsyncHttpClient-1-6" daemon [_thread_in_native, id=192548, stack(0x0000003039d00000,0x0000003039e00000)]
  0x00000131a7c94f20 JavaThread "AsyncHttpClient-1-7" daemon [_thread_in_native, id=186156, stack(0x0000003039e00000,0x0000003039f00000)]
  0x00000131a7c97f40 JavaThread "Exec Default Executor" daemon [_thread_in_native, id=2256, stack(0x0000003039f00000,0x000000303a000000)]
  0x00000131a7c988e0 JavaThread "Driver Service Executor" daemon [_thread_blocked, id=27852, stack(0x000000303a000000,0x000000303a100000)]
  0x00000131a7c97a70 JavaThread "Driver Service Executor" daemon [_thread_blocked, id=77956, stack(0x000000303a100000,0x000000303a200000)]
  0x00000131a7c93710 JavaThread "Exec Stream Pumper" daemon [_thread_in_native, id=204252, stack(0x000000303a200000,0x000000303a300000)]
  0x00000131a7c99750 JavaThread "Exec Stream Pumper" daemon [_thread_in_native, id=199860, stack(0x000000303a300000,0x000000303a400000)]
  0x00000131a7c99280 JavaThread "AsyncHttpClient-1-8" daemon [_thread_in_native, id=200140, stack(0x0000003039a00000,0x0000003039b00000)]
  0x00000131a7c99c20 JavaThread "AsyncHttpClient-1-9" daemon [_thread_in_native, id=175064, stack(0x000000303a500000,0x000000303a600000)]
  0x00000131a7c958c0 JavaThread "Exec Default Executor" daemon [_thread_in_native, id=192640, stack(0x000000303a400000,0x000000303a500000)]
  0x00000131a7c93be0 JavaThread "Driver Service Executor" daemon [_thread_blocked, id=169100, stack(0x000000303a600000,0x000000303a700000)]
  0x00000131a7c9a0f0 JavaThread "Driver Service Executor" daemon [_thread_blocked, id=189736, stack(0x000000303a700000,0x000000303a800000)]
  0x00000131a7c96c00 JavaThread "Exec Stream Pumper" daemon [_thread_in_native, id=187212, stack(0x000000303a800000,0x000000303a900000)]
  0x00000131a7c970d0 JavaThread "Exec Stream Pumper" daemon [_thread_in_native, id=199836, stack(0x000000303a900000,0x000000303aa00000)]
  0x00000131a7c9aa90 JavaThread "Exec Default Executor" daemon [_thread_in_native, id=202652, stack(0x0000003036f00000,0x0000003037000000)]
  0x00000131a7c9af60 JavaThread "Driver Service Executor" daemon [_thread_blocked, id=182312, stack(0x000000303aa00000,0x000000303ab00000)]
  0x00000131a7c940b0 JavaThread "Driver Service Executor" daemon [_thread_blocked, id=186756, stack(0x000000303ab00000,0x000000303ac00000)]
  0x00000131a7c953f0 JavaThread "Exec Stream Pumper" daemon [_thread_in_native, id=197124, stack(0x000000303ac00000,0x000000303ad00000)]
  0x00000131a7c94a50 JavaThread "Exec Stream Pumper" daemon [_thread_in_native, id=200244, stack(0x000000303ad00000,0x000000303ae00000)]
  0x00000131a7c94580 JavaThread "Exec Default Executor" daemon [_thread_in_native, id=192208, stack(0x000000303af00000,0x000000303b000000)]
  0x00000131a7c96730 JavaThread "Driver Service Executor" daemon [_thread_blocked, id=197384, stack(0x000000303b000000,0x000000303b100000)]
  0x00000131a8cac230 JavaThread "Driver Service Executor" daemon [_thread_blocked, id=15296, stack(0x000000303b100000,0x000000303b200000)]
  0x00000131a8caa550 JavaThread "Exec Stream Pumper" daemon [_thread_in_native, id=197080, stack(0x000000303b200000,0x000000303b300000)]
  0x00000131a8cad0a0 JavaThread "Exec Stream Pumper" daemon [_thread_in_native, id=192284, stack(0x000000303b300000,0x000000303b400000)]
  0x00000131a8caaef0 JavaThread "Exec Default Executor" daemon [_thread_in_native, id=11356, stack(0x000000303ae00000,0x000000303af00000)]
  0x00000131a8caa080 JavaThread "Driver Service Executor" daemon [_thread_blocked, id=141420, stack(0x000000303b400000,0x000000303b500000)]
  0x00000131a8caaa20 JavaThread "Driver Service Executor" daemon [_thread_blocked, id=198612, stack(0x000000303b500000,0x000000303b600000)]
  0x00000131a8ca9210 JavaThread "Exec Stream Pumper" daemon [_thread_in_native, id=194072, stack(0x000000303b600000,0x000000303b700000)]
  0x00000131a8ca8d40 JavaThread "Exec Stream Pumper" daemon [_thread_in_native, id=198092, stack(0x000000303b700000,0x000000303b800000)]
  0x00000131a8cac700 JavaThread "Exec Default Executor" daemon [_thread_in_native, id=203912, stack(0x0000003036d00000,0x0000003036e00000)]
  0x00000131a8ca83a0 JavaThread "Driver Service Executor" daemon [_thread_blocked, id=198108, stack(0x0000003036e00000,0x0000003036f00000)]
  0x00000131a8caf720 JavaThread "Driver Service Executor" daemon [_thread_blocked, id=201724, stack(0x000000303b800000,0x000000303b900000)]
  0x00000131a8cab3c0 JavaThread "Exec Stream Pumper" daemon [_thread_in_native, id=149308, stack(0x000000303b900000,0x000000303ba00000)]
  0x00000131a8ca96e0 JavaThread "Exec Stream Pumper" daemon [_thread_in_native, id=188156, stack(0x000000303ba00000,0x000000303bb00000)]
  0x00000131a8caf250 JavaThread "Exec Default Executor" daemon [_thread_in_native, id=41860, stack(0x000000303bd00000,0x000000303be00000)]
  0x00000131a8cafbf0 JavaThread "Driver Service Executor" daemon [_thread_blocked, id=201992, stack(0x000000303be00000,0x000000303bf00000)]
  0x00000131a8cada40 JavaThread "Driver Service Executor" daemon [_thread_blocked, id=192296, stack(0x000000303bf00000,0x000000303c000000)]
  0x00000131a8ca8870 JavaThread "Exec Stream Pumper" daemon [_thread_in_native, id=204512, stack(0x000000303c000000,0x000000303c100000)]
  0x00000131a8ca9bb0 JavaThread "Exec Stream Pumper" daemon [_thread_in_native, id=198992, stack(0x000000303c100000,0x000000303c200000)]
  0x00000131a8cacbd0 JavaThread "Exec Default Executor" daemon [_thread_in_native, id=204480, stack(0x000000303bb00000,0x000000303bc00000)]
  0x00000131a8cad570 JavaThread "Driver Service Executor" daemon [_thread_blocked, id=191976, stack(0x000000303c200000,0x000000303c300000)]
  0x00000131a8cadf10 JavaThread "Driver Service Executor" daemon [_thread_blocked, id=70436, stack(0x000000303c300000,0x000000303c400000)]
  0x00000131a8cae3e0 JavaThread "Exec Stream Pumper" daemon [_thread_in_native, id=200060, stack(0x000000303c400000,0x000000303c500000)]
  0x00000131a8cae8b0 JavaThread "Exec Stream Pumper" daemon [_thread_in_native, id=202000, stack(0x000000303c500000,0x000000303c600000)]
  0x00000131a81c4e70 JavaThread "Exec Default Executor" daemon [_thread_in_native, id=196228, stack(0x000000303c600000,0x000000303c700000)]
  0x00000131a81c4000 JavaThread "Driver Service Executor" daemon [_thread_blocked, id=11416, stack(0x000000303c700000,0x000000303c800000)]
  0x00000131a81c61b0 JavaThread "Driver Service Executor" daemon [_thread_blocked, id=191356, stack(0x000000303c800000,0x000000303c900000)]
  0x00000131a81c1980 JavaThread "Exec Stream Pumper" daemon [_thread_in_native, id=200952, stack(0x000000303c900000,0x000000303ca00000)]
  0x00000131a81c7e90 JavaThread "Exec Stream Pumper" daemon [_thread_in_native, id=192868, stack(0x000000303ca00000,0x000000303cb00000)]
  0x00000131a81c27f0 JavaThread "Exec Default Executor" daemon [_thread_in_native, id=195264, stack(0x000000303cb00000,0x000000303cc00000)]
  0x00000131a81c5810 JavaThread "Driver Service Executor" daemon [_thread_blocked, id=204116, stack(0x000000303cc00000,0x000000303cd00000)]
  0x00000131a81c5340 JavaThread "Driver Service Executor" daemon [_thread_blocked, id=204296, stack(0x000000303cd00000,0x000000303ce00000)]
  0x00000131a81c3190 JavaThread "Exec Stream Pumper" daemon [_thread_in_native, id=203892, stack(0x000000303ce00000,0x000000303cf00000)]
  0x00000131a81c6680 JavaThread "Exec Stream Pumper" daemon [_thread_in_native, id=194684, stack(0x000000303cf00000,0x000000303d000000)]
  0x00000131a81c2cc0 JavaThread "Exec Default Executor" daemon [_thread_in_native, id=174476, stack(0x000000303d000000,0x000000303d100000)]
  0x00000131a81c49a0 JavaThread "Driver Service Executor" daemon [_thread_blocked, id=29268, stack(0x000000303d100000,0x000000303d200000)]
  0x00000131a81c6b50 JavaThread "Driver Service Executor" daemon [_thread_blocked, id=44252, stack(0x000000303d200000,0x000000303d300000)]
  0x00000131a81c14b0 JavaThread "Exec Stream Pumper" daemon [_thread_in_native, id=178168, stack(0x000000303d300000,0x000000303d400000)]
  0x00000131a81c7020 JavaThread "Exec Stream Pumper" daemon [_thread_in_native, id=193652, stack(0x000000303d400000,0x000000303d500000)]
  0x00000131a81c3660 JavaThread "Exec Default Executor" daemon [_thread_in_native, id=203004, stack(0x000000303d500000,0x000000303d600000)]
  0x00000131a81c3b30 JavaThread "Driver Service Executor" daemon [_thread_blocked, id=175660, stack(0x000000303d600000,0x000000303d700000)]
  0x00000131a81c8360 JavaThread "Driver Service Executor" daemon [_thread_blocked, id=192004, stack(0x000000303d700000,0x000000303d800000)]
  0x00000131a81c74f0 JavaThread "Exec Stream Pumper" daemon [_thread_in_native, id=197972, stack(0x000000303d800000,0x000000303d900000)]
  0x00000131a81c5ce0 JavaThread "Exec Stream Pumper" daemon [_thread_in_native, id=198232, stack(0x000000303d900000,0x000000303da00000)]
  0x00000131a81c79c0 JavaThread "Exec Default Executor" daemon [_thread_in_native, id=205704, stack(0x0000003039c00000,0x0000003039d00000)]
  0x00000131a81c8830 JavaThread "Driver Service Executor" daemon [_thread_blocked, id=163476, stack(0x000000303da00000,0x000000303db00000)]
  0x00000131a81c8d00 JavaThread "Driver Service Executor" daemon [_thread_blocked, id=205796, stack(0x000000303db00000,0x000000303dc00000)]
  0x00000131a81c1e50 JavaThread "Exec Stream Pumper" daemon [_thread_in_native, id=194332, stack(0x000000303dc00000,0x000000303dd00000)]
  0x00000131a75b11e0 JavaThread "Exec Stream Pumper" daemon [_thread_in_native, id=205692, stack(0x000000303dd00000,0x000000303de00000)]

Other Threads:
  0x00000131a6ab4600 VMThread "VM Thread" [stack: 0x0000003037600000,0x0000003037700000] [id=3148]
  0x00000131a7734d90 WatcherThread [stack: 0x0000003038100000,0x0000003038200000] [id=201392]
  0x000001318938fcf0 GCTaskThread "GC Thread#0" [stack: 0x0000003037100000,0x0000003037200000] [id=197288]
  0x00000131a7b79cc0 GCTaskThread "GC Thread#1" [stack: 0x0000003038300000,0x0000003038400000] [id=202288]
  0x00000131a78fb490 GCTaskThread "GC Thread#2" [stack: 0x0000003038400000,0x0000003038500000] [id=204272]
  0x00000131a8543060 GCTaskThread "GC Thread#3" [stack: 0x0000003038700000,0x0000003038800000] [id=203388]
  0x00000131893a05f0 ConcurrentGCThread "G1 Main Marker" [stack: 0x0000003037200000,0x0000003037300000] [id=202900]
  0x00000131893a1000 ConcurrentGCThread "G1 Conc#0" [stack: 0x0000003037300000,0x0000003037400000] [id=10768]
  0x00000131a6971120 ConcurrentGCThread "G1 Refine#0" [stack: 0x0000003037400000,0x0000003037500000] [id=203716]
  0x00000131a6971a50 ConcurrentGCThread "G1 Service" [stack: 0x0000003037500000,0x0000003037600000] [id=200904]

Threads with active compile tasks:
C2 CompilerThread0   308864 7609       4       java.util.concurrent.ConcurrentLinkedDeque$AbstractItr::advance (80 bytes)

VM state: not at safepoint (normal execution)

VM Mutex/Monitor currently owned by a thread: None

Heap address: 0x0000000083200000, size: 1998 MB, Compressed Oops mode: 32-bit

CDS archive(s) mapped at: [0x0000000800000000-0x0000000800bd0000-0x0000000800bd0000), size 12386304, SharedBaseAddress: 0x0000000800000000, ArchiveRelocationMode: 0.
Compressed class space mapped at: 0x0000000800c00000-0x0000000840c00000, reserved size: 1073741824
Narrow klass base: 0x0000000800000000, Narrow klass shift: 0, Narrow klass range: 0x100000000

GC Precious Log:
 CPUs: 4 total, 4 available
 Memory: 7991M
 Large Page Support: Disabled
 NUMA Support: Disabled
 Compressed Oops: Enabled (32-bit)
 Heap Region Size: 1M
 Heap Min Capacity: 8M
 Heap Initial Capacity: 126M
 Heap Max Capacity: 1998M
 Pre-touch: Disabled
 Parallel Workers: 4
 Concurrent Workers: 1
 Concurrent Refinement Workers: 4
 Periodic GC: Disabled

Heap:
 garbage-first heap   total 142336K, used 82619K [0x0000000083200000, 0x0000000100000000)
  region size 1024K, 15 young (15360K), 5 survivors (5120K)
 Metaspace       used 43831K, committed 44224K, reserved 1089536K
  class space    used 5293K, committed 5504K, reserved 1048576K

Heap Regions: E=young(eden), S=young(survivor), O=old, HS=humongous(starts), HC=humongous(continues), CS=collection set, F=free, OA=open archive, CA=closed archive, TAMS=top-at-mark-start (previous, next)
|   0|0x0000000083200000, 0x0000000083300000, 0x0000000083300000|100%| O|  |TAMS 0x0000000083300000, 0x0000000083200000| Untracked 
|   1|0x0000000083300000, 0x0000000083400000, 0x0000000083400000|100%| O|  |TAMS 0x0000000083400000, 0x0000000083300000| Untracked 
|   2|0x0000000083400000, 0x0000000083500000, 0x0000000083500000|100%| O|  |TAMS 0x0000000083500000, 0x0000000083400000| Untracked 
|   3|0x0000000083500000, 0x0000000083600000, 0x0000000083600000|100%| O|  |TAMS 0x0000000083600000, 0x0000000083500000| Untracked 
|   4|0x0000000083600000, 0x0000000083700000, 0x0000000083700000|100%| O|  |TAMS 0x0000000083700000, 0x0000000083600000| Untracked 
|   5|0x0000000083700000, 0x0000000083800000, 0x0000000083800000|100%| O|  |TAMS 0x0000000083800000, 0x0000000083700000| Untracked 
|   6|0x0000000083800000, 0x0000000083900000, 0x0000000083900000|100%| O|  |TAMS 0x0000000083900000, 0x0000000083800000| Untracked 
|   7|0x0000000083900000, 0x0000000083a00000, 0x0000000083a00000|100%| O|  |TAMS 0x0000000083a00000, 0x0000000083900000| Untracked 
|   8|0x0000000083a00000, 0x0000000083b00000, 0x0000000083b00000|100%| O|  |TAMS 0x0000000083b00000, 0x0000000083a00000| Untracked 
|   9|0x0000000083b00000, 0x0000000083c00000, 0x0000000083c00000|100%| O|  |TAMS 0x0000000083c00000, 0x0000000083b00000| Untracked 
|  10|0x0000000083c00000, 0x0000000083d00000, 0x0000000083d00000|100%| O|  |TAMS 0x0000000083d00000, 0x0000000083c00000| Untracked 
|  11|0x0000000083d00000, 0x0000000083e00000, 0x0000000083e00000|100%| O|  |TAMS 0x0000000083e00000, 0x0000000083d00000| Untracked 
|  12|0x0000000083e00000, 0x0000000083f00000, 0x0000000083f00000|100%| O|  |TAMS 0x0000000083f00000, 0x0000000083e00000| Untracked 
|  13|0x0000000083f00000, 0x0000000084000000, 0x0000000084000000|100%| O|  |TAMS 0x0000000084000000, 0x0000000083f00000| Untracked 
|  14|0x0000000084000000, 0x0000000084100000, 0x0000000084100000|100%| O|  |TAMS 0x0000000084100000, 0x0000000084000000| Untracked 
|  15|0x0000000084100000, 0x0000000084200000, 0x0000000084200000|100%| O|  |TAMS 0x0000000084200000, 0x0000000084100000| Untracked 
|  16|0x0000000084200000, 0x0000000084300000, 0x0000000084300000|100%| O|  |TAMS 0x0000000084300000, 0x0000000084200000| Untracked 
|  17|0x0000000084300000, 0x0000000084400000, 0x0000000084400000|100%| O|  |TAMS 0x0000000084400000, 0x0000000084300000| Untracked 
|  18|0x0000000084400000, 0x0000000084500000, 0x0000000084500000|100%| O|  |TAMS 0x0000000084500000, 0x0000000084400000| Untracked 
|  19|0x0000000084500000, 0x0000000084600000, 0x0000000084600000|100%| O|  |TAMS 0x0000000084600000, 0x0000000084500000| Untracked 
|  20|0x0000000084600000, 0x0000000084700000, 0x0000000084700000|100%| O|  |TAMS 0x0000000084700000, 0x0000000084600000| Untracked 
|  21|0x0000000084700000, 0x0000000084800000, 0x0000000084800000|100%| O|  |TAMS 0x0000000084800000, 0x0000000084700000| Untracked 
|  22|0x0000000084800000, 0x0000000084900000, 0x0000000084900000|100%| O|  |TAMS 0x0000000084900000, 0x0000000084800000| Untracked 
|  23|0x0000000084900000, 0x0000000084a00000, 0x0000000084a00000|100%| O|  |TAMS 0x0000000084a00000, 0x0000000084900000| Untracked 
|  24|0x0000000084a00000, 0x0000000084b00000, 0x0000000084b00000|100%|HS|  |TAMS 0x0000000084b00000, 0x0000000084a00000| Complete 
|  25|0x0000000084b00000, 0x0000000084c00000, 0x0000000084c00000|100%|HC|  |TAMS 0x0000000084c00000, 0x0000000084b00000| Complete 
|  26|0x0000000084c00000, 0x0000000084d00000, 0x0000000084d00000|100%|HC|  |TAMS 0x0000000084d00000, 0x0000000084c00000| Complete 
|  27|0x0000000084d00000, 0x0000000084e00000, 0x0000000084e00000|100%|HC|  |TAMS 0x0000000084e00000, 0x0000000084d00000| Complete 
|  28|0x0000000084e00000, 0x0000000084f00000, 0x0000000084f00000|100%|HC|  |TAMS 0x0000000084f00000, 0x0000000084e00000| Complete 
|  29|0x0000000084f00000, 0x0000000085000000, 0x0000000085000000|100%|HS|  |TAMS 0x0000000085000000, 0x0000000084f00000| Complete 
|  30|0x0000000085000000, 0x0000000085100000, 0x0000000085100000|100%|HC|  |TAMS 0x0000000085100000, 0x0000000085000000| Complete 
|  31|0x0000000085100000, 0x0000000085200000, 0x0000000085200000|100%|HC|  |TAMS 0x0000000085200000, 0x0000000085100000| Complete 
|  32|0x0000000085200000, 0x0000000085300000, 0x0000000085300000|100%|HC|  |TAMS 0x0000000085300000, 0x0000000085200000| Complete 
|  33|0x0000000085300000, 0x0000000085400000, 0x0000000085400000|100%|HC|  |TAMS 0x0000000085400000, 0x0000000085300000| Complete 
|  34|0x0000000085400000, 0x0000000085500000, 0x0000000085500000|100%|HS|  |TAMS 0x0000000085500000, 0x0000000085400000| Complete 
|  35|0x0000000085500000, 0x0000000085600000, 0x0000000085600000|100%|HC|  |TAMS 0x0000000085600000, 0x0000000085500000| Complete 
|  36|0x0000000085600000, 0x0000000085700000, 0x0000000085700000|100%|HC|  |TAMS 0x0000000085700000, 0x0000000085600000| Complete 
|  37|0x0000000085700000, 0x0000000085800000, 0x0000000085800000|100%|HC|  |TAMS 0x0000000085800000, 0x0000000085700000| Complete 
|  38|0x0000000085800000, 0x0000000085900000, 0x0000000085900000|100%|HC|  |TAMS 0x0000000085900000, 0x0000000085800000| Complete 
|  39|0x0000000085900000, 0x0000000085927200, 0x0000000085a00000| 15%| O|  |TAMS 0x0000000085927200, 0x0000000085900000| Untracked 
|  40|0x0000000085a00000, 0x0000000085b00000, 0x0000000085b00000|100%|HS|  |TAMS 0x0000000085a00000, 0x0000000085a00000| Complete 
|  41|0x0000000085b00000, 0x0000000085c00000, 0x0000000085c00000|100%| O|  |TAMS 0x0000000085c00000, 0x0000000085b00000| Untracked 
|  42|0x0000000085c00000, 0x0000000085d00000, 0x0000000085d00000|100%| O|  |TAMS 0x0000000085d00000, 0x0000000085c00000| Untracked 
|  43|0x0000000085d00000, 0x0000000085e00000, 0x0000000085e00000|100%|HS|  |TAMS 0x0000000085e00000, 0x0000000085d00000| Complete 
|  44|0x0000000085e00000, 0x0000000085f00000, 0x0000000085f00000|100%|HC|  |TAMS 0x0000000085f00000, 0x0000000085e00000| Complete 
|  45|0x0000000085f00000, 0x0000000086000000, 0x0000000086000000|100%|HC|  |TAMS 0x0000000086000000, 0x0000000085f00000| Complete 
|  46|0x0000000086000000, 0x0000000086100000, 0x0000000086100000|100%|HC|  |TAMS 0x0000000086100000, 0x0000000086000000| Complete 
|  47|0x0000000086100000, 0x0000000086200000, 0x0000000086200000|100%|HC|  |TAMS 0x0000000086200000, 0x0000000086100000| Complete 
|  48|0x0000000086200000, 0x0000000086300000, 0x0000000086300000|100%|HS|  |TAMS 0x0000000086300000, 0x0000000086200000| Complete 
|  49|0x0000000086300000, 0x0000000086400000, 0x0000000086400000|100%|HC|  |TAMS 0x0000000086400000, 0x0000000086300000| Complete 
|  50|0x0000000086400000, 0x0000000086500000, 0x0000000086500000|100%|HC|  |TAMS 0x0000000086500000, 0x0000000086400000| Complete 
|  51|0x0000000086500000, 0x0000000086600000, 0x0000000086600000|100%|HC|  |TAMS 0x0000000086600000, 0x0000000086500000| Complete 
|  52|0x0000000086600000, 0x0000000086700000, 0x0000000086700000|100%|HC|  |TAMS 0x0000000086700000, 0x0000000086600000| Complete 
|  53|0x0000000086700000, 0x0000000086800000, 0x0000000086800000|100%|HS|  |TAMS 0x0000000086800000, 0x0000000086700000| Complete 
|  54|0x0000000086800000, 0x0000000086900000, 0x0000000086900000|100%|HC|  |TAMS 0x0000000086900000, 0x0000000086800000| Complete 
|  55|0x0000000086900000, 0x0000000086a00000, 0x0000000086a00000|100%|HC|  |TAMS 0x0000000086a00000, 0x0000000086900000| Complete 
|  56|0x0000000086a00000, 0x0000000086b00000, 0x0000000086b00000|100%|HC|  |TAMS 0x0000000086b00000, 0x0000000086a00000| Complete 
|  57|0x0000000086b00000, 0x0000000086c00000, 0x0000000086c00000|100%|HC|  |TAMS 0x0000000086c00000, 0x0000000086b00000| Complete 
|  58|0x0000000086c00000, 0x0000000086d00000, 0x0000000086d00000|100%|HS|  |TAMS 0x0000000086d00000, 0x0000000086c00000| Complete 
|  59|0x0000000086d00000, 0x0000000086e00000, 0x0000000086e00000|100%|HC|  |TAMS 0x0000000086e00000, 0x0000000086d00000| Complete 
|  60|0x0000000086e00000, 0x0000000086f00000, 0x0000000086f00000|100%|HC|  |TAMS 0x0000000086f00000, 0x0000000086e00000| Complete 
|  61|0x0000000086f00000, 0x0000000087000000, 0x0000000087000000|100%|HC|  |TAMS 0x0000000087000000, 0x0000000086f00000| Complete 
|  62|0x0000000087000000, 0x0000000087100000, 0x0000000087100000|100%|HC|  |TAMS 0x0000000087100000, 0x0000000087000000| Complete 
|  63|0x0000000087100000, 0x0000000087100000, 0x0000000087200000|  0%| F|  |TAMS 0x0000000087100000, 0x0000000087100000| Untracked 
|  64|0x0000000087200000, 0x0000000087200000, 0x0000000087300000|  0%| F|  |TAMS 0x0000000087200000, 0x0000000087200000| Untracked 
|  65|0x0000000087300000, 0x0000000087300000, 0x0000000087400000|  0%| F|  |TAMS 0x0000000087300000, 0x0000000087300000| Untracked 
|  66|0x0000000087400000, 0x0000000087500000, 0x0000000087500000|100%|HS|  |TAMS 0x0000000087500000, 0x0000000087400000| Complete 
|  67|0x0000000087500000, 0x0000000087600000, 0x0000000087600000|100%|HC|  |TAMS 0x0000000087600000, 0x0000000087500000| Complete 
|  68|0x0000000087600000, 0x0000000087700000, 0x0000000087700000|100%|HC|  |TAMS 0x0000000087700000, 0x0000000087600000| Complete 
|  69|0x0000000087700000, 0x0000000087800000, 0x0000000087800000|100%|HC|  |TAMS 0x0000000087800000, 0x0000000087700000| Complete 
|  70|0x0000000087800000, 0x0000000087900000, 0x0000000087900000|100%|HC|  |TAMS 0x0000000087900000, 0x0000000087800000| Complete 
|  71|0x0000000087900000, 0x0000000087900000, 0x0000000087a00000|  0%| F|  |TAMS 0x0000000087900000, 0x0000000087900000| Untracked 
|  72|0x0000000087a00000, 0x0000000087a00000, 0x0000000087b00000|  0%| F|  |TAMS 0x0000000087a00000, 0x0000000087a00000| Untracked 
|  73|0x0000000087b00000, 0x0000000087b00000, 0x0000000087c00000|  0%| F|  |TAMS 0x0000000087b00000, 0x0000000087b00000| Untracked 
|  74|0x0000000087c00000, 0x0000000087c00000, 0x0000000087d00000|  0%| F|  |TAMS 0x0000000087c00000, 0x0000000087c00000| Untracked 
|  75|0x0000000087d00000, 0x0000000087d00000, 0x0000000087e00000|  0%| F|  |TAMS 0x0000000087d00000, 0x0000000087d00000| Untracked 
|  76|0x0000000087e00000, 0x0000000087e00000, 0x0000000087f00000|  0%| F|  |TAMS 0x0000000087e00000, 0x0000000087e00000| Untracked 
|  77|0x0000000087f00000, 0x0000000087f00000, 0x0000000088000000|  0%| F|  |TAMS 0x0000000087f00000, 0x0000000087f00000| Untracked 
|  78|0x0000000088000000, 0x0000000088000000, 0x0000000088100000|  0%| F|  |TAMS 0x0000000088000000, 0x0000000088000000| Untracked 
|  79|0x0000000088100000, 0x0000000088100000, 0x0000000088200000|  0%| F|  |TAMS 0x0000000088100000, 0x0000000088100000| Untracked 
|  80|0x0000000088200000, 0x0000000088200000, 0x0000000088300000|  0%| F|  |TAMS 0x0000000088200000, 0x0000000088200000| Untracked 
|  81|0x0000000088300000, 0x0000000088300000, 0x0000000088400000|  0%| F|  |TAMS 0x0000000088300000, 0x0000000088300000| Untracked 
|  82|0x0000000088400000, 0x0000000088400000, 0x0000000088500000|  0%| F|  |TAMS 0x0000000088400000, 0x0000000088400000| Untracked 
|  83|0x0000000088500000, 0x0000000088587af0, 0x0000000088600000| 53%| S|CS|TAMS 0x0000000088500000, 0x0000000088500000| Complete 
|  84|0x0000000088600000, 0x0000000088700000, 0x0000000088700000|100%| S|CS|TAMS 0x0000000088600000, 0x0000000088600000| Complete 
|  85|0x0000000088700000, 0x0000000088800000, 0x0000000088800000|100%| S|CS|TAMS 0x0000000088700000, 0x0000000088700000| Complete 
|  86|0x0000000088800000, 0x0000000088900000, 0x0000000088900000|100%| S|CS|TAMS 0x0000000088800000, 0x0000000088800000| Complete 
|  87|0x0000000088900000, 0x0000000088a00000, 0x0000000088a00000|100%| S|CS|TAMS 0x0000000088900000, 0x0000000088900000| Complete 
|  88|0x0000000088a00000, 0x0000000088a00000, 0x0000000088b00000|  0%| F|  |TAMS 0x0000000088a00000, 0x0000000088a00000| Untracked 
|  89|0x0000000088b00000, 0x0000000088b00000, 0x0000000088c00000|  0%| F|  |TAMS 0x0000000088b00000, 0x0000000088b00000| Untracked 
|  90|0x0000000088c00000, 0x0000000088c00000, 0x0000000088d00000|  0%| F|  |TAMS 0x0000000088c00000, 0x0000000088c00000| Untracked 
|  91|0x0000000088d00000, 0x0000000088d00000, 0x0000000088e00000|  0%| F|  |TAMS 0x0000000088d00000, 0x0000000088d00000| Untracked 
|  92|0x0000000088e00000, 0x0000000088e00000, 0x0000000088f00000|  0%| F|  |TAMS 0x0000000088e00000, 0x0000000088e00000| Untracked 
|  93|0x0000000088f00000, 0x0000000088f00000, 0x0000000089000000|  0%| F|  |TAMS 0x0000000088f00000, 0x0000000088f00000| Untracked 
|  94|0x0000000089000000, 0x0000000089000000, 0x0000000089100000|  0%| F|  |TAMS 0x0000000089000000, 0x0000000089000000| Untracked 
|  95|0x0000000089100000, 0x0000000089100000, 0x0000000089200000|  0%| F|  |TAMS 0x0000000089100000, 0x0000000089100000| Untracked 
|  96|0x0000000089200000, 0x0000000089200000, 0x0000000089300000|  0%| F|  |TAMS 0x0000000089200000, 0x0000000089200000| Untracked 
|  97|0x0000000089300000, 0x0000000089300000, 0x0000000089400000|  0%| F|  |TAMS 0x0000000089300000, 0x0000000089300000| Untracked 
|  98|0x0000000089400000, 0x0000000089400000, 0x0000000089500000|  0%| F|  |TAMS 0x0000000089400000, 0x0000000089400000| Untracked 
|  99|0x0000000089500000, 0x0000000089500000, 0x0000000089600000|  0%| F|  |TAMS 0x0000000089500000, 0x0000000089500000| Untracked 
| 100|0x0000000089600000, 0x0000000089600000, 0x0000000089700000|  0%| F|  |TAMS 0x0000000089600000, 0x0000000089600000| Untracked 
| 101|0x0000000089700000, 0x0000000089700000, 0x0000000089800000|  0%| F|  |TAMS 0x0000000089700000, 0x0000000089700000| Untracked 
| 102|0x0000000089800000, 0x0000000089800000, 0x0000000089900000|  0%| F|  |TAMS 0x0000000089800000, 0x0000000089800000| Untracked 
| 103|0x0000000089900000, 0x0000000089900000, 0x0000000089a00000|  0%| F|  |TAMS 0x0000000089900000, 0x0000000089900000| Untracked 
| 104|0x0000000089a00000, 0x0000000089a00000, 0x0000000089b00000|  0%| F|  |TAMS 0x0000000089a00000, 0x0000000089a00000| Untracked 
| 105|0x0000000089b00000, 0x0000000089b00000, 0x0000000089c00000|  0%| F|  |TAMS 0x0000000089b00000, 0x0000000089b00000| Untracked 
| 106|0x0000000089c00000, 0x0000000089c00000, 0x0000000089d00000|  0%| F|  |TAMS 0x0000000089c00000, 0x0000000089c00000| Untracked 
| 107|0x0000000089d00000, 0x0000000089d00000, 0x0000000089e00000|  0%| F|  |TAMS 0x0000000089d00000, 0x0000000089d00000| Untracked 
| 108|0x0000000089e00000, 0x0000000089e00000, 0x0000000089f00000|  0%| F|  |TAMS 0x0000000089e00000, 0x0000000089e00000| Untracked 
| 109|0x0000000089f00000, 0x0000000089f00000, 0x000000008a000000|  0%| F|  |TAMS 0x0000000089f00000, 0x0000000089f00000| Untracked 
| 110|0x000000008a000000, 0x000000008a000000, 0x000000008a100000|  0%| F|  |TAMS 0x000000008a000000, 0x000000008a000000| Untracked 
| 111|0x000000008a100000, 0x000000008a100000, 0x000000008a200000|  0%| F|  |TAMS 0x000000008a100000, 0x000000008a100000| Untracked 
| 112|0x000000008a200000, 0x000000008a200000, 0x000000008a300000|  0%| F|  |TAMS 0x000000008a200000, 0x000000008a200000| Untracked 
| 113|0x000000008a300000, 0x000000008a300000, 0x000000008a400000|  0%| F|  |TAMS 0x000000008a300000, 0x000000008a300000| Untracked 
| 114|0x000000008a400000, 0x000000008a400000, 0x000000008a500000|  0%| F|  |TAMS 0x000000008a400000, 0x000000008a400000| Untracked 
| 115|0x000000008a500000, 0x000000008a500000, 0x000000008a600000|  0%| F|  |TAMS 0x000000008a500000, 0x000000008a500000| Untracked 
| 116|0x000000008a600000, 0x000000008a600000, 0x000000008a700000|  0%| F|  |TAMS 0x000000008a600000, 0x000000008a600000| Untracked 
| 117|0x000000008a700000, 0x000000008a700000, 0x000000008a800000|  0%| F|  |TAMS 0x000000008a700000, 0x000000008a700000| Untracked 
| 118|0x000000008a800000, 0x000000008a800000, 0x000000008a900000|  0%| F|  |TAMS 0x000000008a800000, 0x000000008a800000| Untracked 
| 119|0x000000008a900000, 0x000000008a900000, 0x000000008aa00000|  0%| F|  |TAMS 0x000000008a900000, 0x000000008a900000| Untracked 
| 120|0x000000008aa00000, 0x000000008aa00000, 0x000000008ab00000|  0%| F|  |TAMS 0x000000008aa00000, 0x000000008aa00000| Untracked 
| 121|0x000000008ab00000, 0x000000008ab00000, 0x000000008ac00000|  0%| F|  |TAMS 0x000000008ab00000, 0x000000008ab00000| Untracked 
| 122|0x000000008ac00000, 0x000000008ac00000, 0x000000008ad00000|  0%| F|  |TAMS 0x000000008ac00000, 0x000000008ac00000| Untracked 
| 123|0x000000008ad00000, 0x000000008ad00000, 0x000000008ae00000|  0%| F|  |TAMS 0x000000008ad00000, 0x000000008ad00000| Untracked 
| 124|0x000000008ae00000, 0x000000008ae00000, 0x000000008af00000|  0%| F|  |TAMS 0x000000008ae00000, 0x000000008ae00000| Untracked 
| 125|0x000000008af00000, 0x000000008af00000, 0x000000008b000000|  0%| F|  |TAMS 0x000000008af00000, 0x000000008af00000| Untracked 
| 126|0x000000008b000000, 0x000000008b000000, 0x000000008b100000|  0%| F|  |TAMS 0x000000008b000000, 0x000000008b000000| Untracked 
| 127|0x000000008b100000, 0x000000008b100000, 0x000000008b200000|  0%| F|  |TAMS 0x000000008b100000, 0x000000008b100000| Untracked 
| 128|0x000000008b200000, 0x000000008b200000, 0x000000008b300000|  0%| F|  |TAMS 0x000000008b200000, 0x000000008b200000| Untracked 
| 129|0x000000008b300000, 0x000000008b3be8f0, 0x000000008b400000| 74%| E|  |TAMS 0x000000008b300000, 0x000000008b300000| Complete 
| 130|0x000000008b400000, 0x000000008b500000, 0x000000008b500000|100%| E|CS|TAMS 0x000000008b400000, 0x000000008b400000| Complete 
| 131|0x000000008b500000, 0x000000008b600000, 0x000000008b600000|100%| E|CS|TAMS 0x000000008b500000, 0x000000008b500000| Complete 
| 132|0x000000008b600000, 0x000000008b700000, 0x000000008b700000|100%| E|CS|TAMS 0x000000008b600000, 0x000000008b600000| Complete 
| 133|0x000000008b700000, 0x000000008b800000, 0x000000008b800000|100%| E|CS|TAMS 0x000000008b700000, 0x000000008b700000| Complete 
| 134|0x000000008b800000, 0x000000008b900000, 0x000000008b900000|100%| E|CS|TAMS 0x000000008b800000, 0x000000008b800000| Complete 
| 135|0x000000008b900000, 0x000000008ba00000, 0x000000008ba00000|100%| E|CS|TAMS 0x000000008b900000, 0x000000008b900000| Complete 
| 136|0x000000008ba00000, 0x000000008bb00000, 0x000000008bb00000|100%| E|CS|TAMS 0x000000008ba00000, 0x000000008ba00000| Complete 
| 137|0x000000008bb00000, 0x000000008bc00000, 0x000000008bc00000|100%| E|CS|TAMS 0x000000008bb00000, 0x000000008bb00000| Complete 
| 138|0x000000008bc00000, 0x000000008bd00000, 0x000000008bd00000|100%| E|CS|TAMS 0x000000008bc00000, 0x000000008bc00000| Complete 

Card table byte_map: [0x000001319ff90000,0x00000131a0380000] _byte_map_base: 0x000001319fb77000

Marking Bits (Prev, Next): (CMBitMap*) 0x0000013189390300, (CMBitMap*) 0x0000013189390340
 Prev Bits: [0x00000131a0770000, 0x00000131a26a8000)
 Next Bits: [0x00000131a26b0000, 0x00000131a45e8000)

Polling page: 0x00000131872b0000

Metaspace:

Usage:
  Non-class:     37.63 MB used.
      Class:      5.17 MB used.
       Both:     42.80 MB used.

Virtual space:
  Non-class space:       40.00 MB reserved,      37.81 MB ( 95%) committed,  5 nodes.
      Class space:        1.00 GB reserved,       5.38 MB ( <1%) committed,  1 nodes.
             Both:        1.04 GB reserved,      43.19 MB (  4%) committed. 

Chunk freelists:
   Non-Class:  1.63 MB
       Class:  2.48 MB
        Both:  4.11 MB

MaxMetaspaceSize: unlimited
CompressedClassSpaceSize: 1.00 GB
Initial GC threshold: 21.00 MB
Current GC threshold: 70.94 MB
CDS: on
MetaspaceReclaimPolicy: balanced
 - commit_granule_bytes: 65536.
 - commit_granule_words: 8192.
 - virtual_space_node_default_size: 1048576.
 - enlarge_chunks_in_place: 1.
 - new_chunks_are_fully_committed: 0.
 - uncommit_free_chunks: 1.
 - use_allocation_guard: 0.
 - handle_deallocations: 1.


Internal statistics:

num_allocs_failed_limit: 6.
num_arena_births: 438.
num_arena_deaths: 0.
num_vsnodes_births: 6.
num_vsnodes_deaths: 0.
num_space_committed: 691.
num_space_uncommitted: 0.
num_chunks_returned_to_freelist: 6.
num_chunks_taken_from_freelist: 1796.
num_chunk_merges: 6.
num_chunk_splits: 1262.
num_chunks_enlarged: 964.
num_purges: 0.
num_inconsistent_stats: 0.

CodeHeap 'non-profiled nmethods': size=120000Kb used=3671Kb max_used=3671Kb free=116328Kb
 bounds [0x0000013198670000, 0x0000013198a10000, 0x000001319fba0000]
CodeHeap 'profiled nmethods': size=120000Kb used=13559Kb max_used=13559Kb free=106440Kb
 bounds [0x0000013191140000, 0x0000013191e80000, 0x0000013198670000]
CodeHeap 'non-nmethods': size=5760Kb used=1375Kb max_used=1431Kb free=4384Kb
 bounds [0x0000013190ba0000, 0x0000013190e10000, 0x0000013191140000]
 total_blobs=7397 nmethods=6700 adapters=609
 compilation: enabled
              stopped_count=0, restarted_count=0
 full_count=0

Compilation events (20 events):
Event: 304.478 Thread 0x00000131a6ad8eb0 nmethod 7598 0x0000013191e74d10 code [0x0000013191e74fa0, 0x0000013191e75a08]
Event: 307.896 Thread 0x00000131a6ad8eb0 7600       3       io.netty.handler.codec.http.HttpMethod::name (8 bytes)
Event: 307.896 Thread 0x00000131a6ad8eb0 nmethod 7600 0x0000013191e75d90 code [0x0000013191e75f40, 0x0000013191e76228]
Event: 307.897 Thread 0x00000131a6ad8eb0 7601       3       java.util.Formatter$FormatSpecifier::printInteger (131 bytes)
Event: 307.899 Thread 0x00000131a6ad8eb0 nmethod 7601 0x0000013191e76390 code [0x0000013191e76640, 0x0000013191e77688]
Event: 308.595 Thread 0x00000131a6ad8eb0 7602       3       org.apache.log4j.helpers.PatternConverter::format (127 bytes)
Event: 308.597 Thread 0x00000131a6ad8eb0 nmethod 7602 0x0000013191e77910 code [0x0000013191e77bc0, 0x0000013191e78b88]
Event: 308.597 Thread 0x00000131a6ad8eb0 7603       3       org.apache.log4j.helpers.PatternParser$LiteralPatternConverter::format (10 bytes)
Event: 308.597 Thread 0x00000131a6ad8eb0 nmethod 7603 0x0000013191e79010 code [0x0000013191e791c0, 0x0000013191e79468]
Event: 308.597 Thread 0x00000131a6ad8eb0 7606   !   3       io.netty.util.concurrent.DefaultPromise::notifyProgressiveListener0 (69 bytes)
Event: 308.598 Thread 0x00000131a6ad8eb0 nmethod 7606 0x0000013191e79590 code [0x0000013191e79820, 0x0000013191e7a238]
Event: 308.598 Thread 0x00000131a6ad8eb0 7607       3       org.asynchttpclient.netty.request.WriteProgressListener::operationProgressed (12 bytes)
Event: 308.598 Thread 0x00000131a6ad8eb0 nmethod 7607 0x0000013191e7a690 code [0x0000013191e7a840, 0x0000013191e7ab08]
Event: 308.598 Thread 0x00000131a6ad8eb0 7608       3       org.asynchttpclient.netty.request.WriteProgressListener::operationProgressed (70 bytes)
Event: 308.601 Thread 0x00000131a6ad8eb0 nmethod 7608 0x0000013191e7ac10 code [0x0000013191e7adc0, 0x0000013191e7b238]
Event: 308.601 Thread 0x00000131a6ad8eb0 7605       3       org.openqa.selenium.json.JsonOutput::append (18 bytes)
Event: 308.602 Thread 0x00000131a6ad8eb0 nmethod 7605 0x0000013191e7b410 code [0x0000013191e7b5c0, 0x0000013191e7b978]
Event: 308.602 Thread 0x00000131a6ad8eb0 7604       3       org.openqa.selenium.remote.codec.AbstractHttpCommandCodec::getParameter (78 bytes)
Event: 308.607 Thread 0x00000131a6ad8eb0 nmethod 7604 0x0000013191e7ba90 code [0x0000013191e7bec0, 0x0000013191e7e048]
Event: 308.775 Thread 0x00000131a6ad8060 7609       4       java.util.concurrent.ConcurrentLinkedDeque$AbstractItr::advance (80 bytes)

GC Heap History (20 events):
Event: 138.602 GC heap before
{Heap before GC invocations=28 (full 0):
 garbage-first heap   total 116736K, used 67880K [0x0000000083200000, 0x0000000100000000)
  region size 1024K, 6 young (6144K), 2 survivors (2048K)
 Metaspace       used 42948K, committed 43264K, reserved 1089536K
  class space    used 5282K, committed 5440K, reserved 1048576K
}
Event: 138.620 GC heap after
{Heap after GC invocations=29 (full 0):
 garbage-first heap   total 116736K, used 64412K [0x0000000083200000, 0x0000000100000000)
  region size 1024K, 2 young (2048K), 2 survivors (2048K)
 Metaspace       used 42948K, committed 43264K, reserved 1089536K
  class space    used 5282K, committed 5440K, reserved 1048576K
}
Event: 140.518 GC heap before
{Heap before GC invocations=30 (full 0):
 garbage-first heap   total 142336K, used 85916K [0x0000000083200000, 0x0000000100000000)
  region size 1024K, 9 young (9216K), 2 survivors (2048K)
 Metaspace       used 42999K, committed 43328K, reserved 1089536K
  class space    used 5282K, committed 5440K, reserved 1048576K
}
Event: 140.520 GC heap after
{Heap after GC invocations=31 (full 0):
 garbage-first heap   total 142336K, used 65901K [0x0000000083200000, 0x0000000100000000)
  region size 1024K, 2 young (2048K), 2 survivors (2048K)
 Metaspace       used 42999K, committed 43328K, reserved 1089536K
  class space    used 5282K, committed 5440K, reserved 1048576K
}
Event: 161.929 GC heap before
{Heap before GC invocations=32 (full 0):
 garbage-first heap   total 142336K, used 74093K [0x0000000083200000, 0x0000000100000000)
  region size 1024K, 6 young (6144K), 2 survivors (2048K)
 Metaspace       used 43077K, committed 43392K, reserved 1089536K
  class space    used 5282K, committed 5440K, reserved 1048576K
}
Event: 161.952 GC heap after
{Heap after GC invocations=33 (full 0):
 garbage-first heap   total 142336K, used 69769K [0x0000000083200000, 0x0000000100000000)
  region size 1024K, 2 young (2048K), 2 survivors (2048K)
 Metaspace       used 43077K, committed 43392K, reserved 1089536K
  class space    used 5282K, committed 5440K, reserved 1048576K
}
Event: 183.296 GC heap before
{Heap before GC invocations=34 (full 0):
 garbage-first heap   total 142336K, used 88201K [0x0000000083200000, 0x0000000100000000)
  region size 1024K, 20 young (20480K), 2 survivors (2048K)
 Metaspace       used 43206K, committed 43520K, reserved 1089536K
  class space    used 5282K, committed 5440K, reserved 1048576K
}
Event: 183.299 GC heap after
{Heap after GC invocations=35 (full 0):
 garbage-first heap   total 142336K, used 71836K [0x0000000083200000, 0x0000000100000000)
  region size 1024K, 3 young (3072K), 3 survivors (3072K)
 Metaspace       used 43206K, committed 43520K, reserved 1089536K
  class space    used 5282K, committed 5440K, reserved 1048576K
}
Event: 183.634 GC heap before
{Heap before GC invocations=36 (full 0):
 garbage-first heap   total 142336K, used 75932K [0x0000000083200000, 0x0000000100000000)
  region size 1024K, 7 young (7168K), 3 survivors (3072K)
 Metaspace       used 43231K, committed 43584K, reserved 1089536K
  class space    used 5282K, committed 5440K, reserved 1048576K
}
Event: 183.639 GC heap after
{Heap after GC invocations=37 (full 0):
 garbage-first heap   total 142336K, used 71830K [0x0000000083200000, 0x0000000100000000)
  region size 1024K, 3 young (3072K), 3 survivors (3072K)
 Metaspace       used 43231K, committed 43584K, reserved 1089536K
  class space    used 5282K, committed 5440K, reserved 1048576K
}
Event: 208.797 GC heap before
{Heap before GC invocations=38 (full 0):
 garbage-first heap   total 142336K, used 80022K [0x0000000083200000, 0x0000000100000000)
  region size 1024K, 12 young (12288K), 3 survivors (3072K)
 Metaspace       used 43297K, committed 43648K, reserved 1089536K
  class space    used 5282K, committed 5440K, reserved 1048576K
}
Event: 208.811 GC heap after
{Heap after GC invocations=39 (full 0):
 garbage-first heap   total 142336K, used 71628K [0x0000000083200000, 0x0000000100000000)
  region size 1024K, 3 young (3072K), 3 survivors (3072K)
 Metaspace       used 43297K, committed 43648K, reserved 1089536K
  class space    used 5282K, committed 5440K, reserved 1048576K
}
Event: 209.022 GC heap before
{Heap before GC invocations=40 (full 0):
 garbage-first heap   total 142336K, used 76748K [0x0000000083200000, 0x0000000100000000)
  region size 1024K, 5 young (5120K), 3 survivors (3072K)
 Metaspace       used 43297K, committed 43648K, reserved 1089536K
  class space    used 5282K, committed 5440K, reserved 1048576K
}
Event: 209.026 GC heap after
{Heap after GC invocations=41 (full 0):
 garbage-first heap   total 142336K, used 73815K [0x0000000083200000, 0x0000000100000000)
  region size 1024K, 3 young (3072K), 3 survivors (3072K)
 Metaspace       used 43297K, committed 43648K, reserved 1089536K
  class space    used 5282K, committed 5440K, reserved 1048576K
}
Event: 209.218 GC heap before
{Heap before GC invocations=42 (full 0):
 garbage-first heap   total 142336K, used 78935K [0x0000000083200000, 0x0000000100000000)
  region size 1024K, 4 young (4096K), 3 survivors (3072K)
 Metaspace       used 43297K, committed 43648K, reserved 1089536K
  class space    used 5282K, committed 5440K, reserved 1048576K
}
Event: 209.221 GC heap after
{Heap after GC invocations=43 (full 0):
 garbage-first heap   total 142336K, used 74890K [0x0000000083200000, 0x0000000100000000)
  region size 1024K, 3 young (3072K), 3 survivors (3072K)
 Metaspace       used 43297K, committed 43648K, reserved 1089536K
  class space    used 5282K, committed 5440K, reserved 1048576K
}
Event: 229.485 GC heap before
{Heap before GC invocations=44 (full 0):
 garbage-first heap   total 142336K, used 88202K [0x0000000083200000, 0x0000000100000000)
  region size 1024K, 12 young (12288K), 3 survivors (3072K)
 Metaspace       used 43375K, committed 43712K, reserved 1089536K
  class space    used 5282K, committed 5440K, reserved 1048576K
}
Event: 229.492 GC heap after
{Heap after GC invocations=45 (full 0):
 garbage-first heap   total 142336K, used 73117K [0x0000000083200000, 0x0000000100000000)
  region size 1024K, 4 young (4096K), 4 survivors (4096K)
 Metaspace       used 43375K, committed 43712K, reserved 1089536K
  class space    used 5282K, committed 5440K, reserved 1048576K
}
Event: 292.873 GC heap before
{Heap before GC invocations=46 (full 0):
 garbage-first heap   total 142336K, used 122269K [0x0000000083200000, 0x0000000100000000)
  region size 1024K, 51 young (52224K), 4 survivors (4096K)
 Metaspace       used 43767K, committed 44160K, reserved 1089536K
  class space    used 5293K, committed 5504K, reserved 1048576K
}
Event: 292.908 GC heap after
{Heap after GC invocations=47 (full 0):
 garbage-first heap   total 142336K, used 73403K [0x0000000083200000, 0x0000000100000000)
  region size 1024K, 5 young (5120K), 5 survivors (5120K)
 Metaspace       used 43767K, committed 44160K, reserved 1089536K
  class space    used 5293K, committed 5504K, reserved 1048576K
}

Deoptimization events (20 events):
Event: 245.108 Thread 0x0000013189338b40 Uncommon trap: trap_request=0xffffff45 fr.pc=0x0000013198949c08 relative=0x0000000000000928
Event: 245.108 Thread 0x0000013189338b40 Uncommon trap: reason=unstable_if action=reinterpret pc=0x0000013198949c08 method=java.lang.AbstractStringBuilder.putStringAt(ILjava/lang/String;II)V @ 8 c2
Event: 245.108 Thread 0x0000013189338b40 DEOPT PACKING pc=0x0000013198949c08 sp=0x00000030370fd300
Event: 245.108 Thread 0x0000013189338b40 DEOPT UNPACKING pc=0x0000013190bf5ba3 sp=0x00000030370fd0b8 mode 2
Event: 245.108 Thread 0x0000013189338b40 Uncommon trap: trap_request=0xffffff45 fr.pc=0x000001319878e980 relative=0x0000000000000080
Event: 245.108 Thread 0x0000013189338b40 Uncommon trap: reason=unstable_if action=reinterpret pc=0x000001319878e980 method=java.lang.String.codePointAt(I)I @ 4 c2
Event: 245.108 Thread 0x0000013189338b40 DEOPT PACKING pc=0x000001319878e980 sp=0x00000030370fd4e0
Event: 245.108 Thread 0x0000013189338b40 DEOPT UNPACKING pc=0x0000013190bf5ba3 sp=0x00000030370fd488 mode 2
Event: 245.109 Thread 0x0000013189338b40 Uncommon trap: trap_request=0xffffff45 fr.pc=0x0000013198771a94 relative=0x0000000000000554
Event: 245.109 Thread 0x0000013189338b40 Uncommon trap: reason=unstable_if action=reinterpret pc=0x0000013198771a94 method=java.lang.AbstractStringBuilder.putStringAt(ILjava/lang/String;II)V @ 8 c2
Event: 245.109 Thread 0x0000013189338b40 DEOPT PACKING pc=0x0000013198771a94 sp=0x00000030370fcdc0
Event: 245.109 Thread 0x0000013189338b40 DEOPT UNPACKING pc=0x0000013190bf5ba3 sp=0x00000030370fcca0 mode 2
Event: 245.109 Thread 0x0000013189338b40 Uncommon trap: trap_request=0xffffff45 fr.pc=0x0000013198687274 relative=0x0000000000000154
Event: 245.109 Thread 0x0000013189338b40 Uncommon trap: reason=unstable_if action=reinterpret pc=0x0000013198687274 method=java.lang.AbstractStringBuilder.putStringAt(ILjava/lang/String;II)V @ 8 c2
Event: 245.109 Thread 0x0000013189338b40 DEOPT PACKING pc=0x0000013198687274 sp=0x00000030370fce50
Event: 245.109 Thread 0x0000013189338b40 DEOPT UNPACKING pc=0x0000013190bf5ba3 sp=0x00000030370fcd98 mode 2
Event: 253.046 Thread 0x0000013189338b40 DEOPT PACKING pc=0x000001319121c03d sp=0x00000030370fdae0
Event: 253.046 Thread 0x0000013189338b40 DEOPT UNPACKING pc=0x0000013190bf66e3 sp=0x00000030370fcf68 mode 0
Event: 296.372 Thread 0x00000131a8ae0f50 DEOPT PACKING pc=0x0000013191858de1 sp=0x0000003038aff0d0
Event: 296.372 Thread 0x00000131a8ae0f50 DEOPT UNPACKING pc=0x0000013190bf66e3 sp=0x0000003038afe5b0 mode 0

Classes unloaded (0 events):
No events

Classes redefined (0 events):
No events

Internal exceptions (20 events):
Event: 264.600 Thread 0x00000131aa369a40 Exception <a 'java/net/ConnectException'{0x0000000089c7df08}: Connection refused: no further information> (0x0000000089c7df08) 
thrown [s\open\src\hotspot\share\prims\jni.cpp, line 535]
Event: 264.600 Thread 0x00000131aa369a40 Exception <a 'java/net/SocketException'{0x0000000089c7e240}: Socket is not connected: shutdown> (0x0000000089c7e240) 
thrown [s\open\src\hotspot\share\prims\jni.cpp, line 535]
Event: 264.613 Thread 0x00000131aa369a40 Exception <a 'java/net/ConnectException'{0x0000000089c7f288}: Connection refused: no further information> (0x0000000089c7f288) 
thrown [s\open\src\hotspot\share\prims\jni.cpp, line 535]
Event: 264.613 Thread 0x00000131aa369a40 Exception <a 'java/net/SocketException'{0x0000000089c7f5c0}: Socket is not connected: shutdown> (0x0000000089c7f5c0) 
thrown [s\open\src\hotspot\share\prims\jni.cpp, line 535]
Event: 264.647 Thread 0x00000131aa369a40 Exception <a 'java/net/ConnectException'{0x0000000089c80608}: Connection refused: no further information> (0x0000000089c80608) 
thrown [s\open\src\hotspot\share\prims\jni.cpp, line 535]
Event: 264.647 Thread 0x00000131aa369a40 Exception <a 'java/net/SocketException'{0x0000000089c80940}: Socket is not connected: shutdown> (0x0000000089c80940) 
thrown [s\open\src\hotspot\share\prims\jni.cpp, line 535]
Event: 264.713 Thread 0x00000131aa369a40 Exception <a 'java/net/ConnectException'{0x0000000089c81988}: Connection refused: no further information> (0x0000000089c81988) 
thrown [s\open\src\hotspot\share\prims\jni.cpp, line 535]
Event: 264.713 Thread 0x00000131aa369a40 Exception <a 'java/net/SocketException'{0x0000000089c81cc0}: Socket is not connected: shutdown> (0x0000000089c81cc0) 
thrown [s\open\src\hotspot\share\prims\jni.cpp, line 535]
Event: 292.687 Thread 0x00000131aa368700 Exception <a 'sun/net/ConnectionResetException'{0x000000008b80aa20}: Connection reset> (0x000000008b80aa20) 
thrown [s\open\src\hotspot\share\prims\jni.cpp, line 535]
Event: 292.688 Thread 0x00000131aa369570 Exception <a 'sun/net/ConnectionResetException'{0x000000008a9186a0}: Connection reset> (0x000000008a9186a0) 
thrown [s\open\src\hotspot\share\prims\jni.cpp, line 535]
Event: 293.145 Thread 0x0000013189338b40 Exception <a 'java/net/SocketException'{0x000000008b6f8100}: Socket is not connected: shutdown> (0x000000008b6f8100) 
thrown [s\open\src\hotspot\share\prims\jni.cpp, line 535]
Event: 293.145 Thread 0x0000013189338b40 Exception <a 'java/net/SocketException'{0x000000008b6f8968}: Socket is not connected: shutdown> (0x000000008b6f8968) 
thrown [s\open\src\hotspot\share\prims\jni.cpp, line 535]
Event: 293.190 Thread 0x00000131aa369a40 Exception <a 'java/net/ConnectException'{0x000000008b59ed10}: Connection refused: no further information> (0x000000008b59ed10) 
thrown [s\open\src\hotspot\share\prims\jni.cpp, line 535]
Event: 293.190 Thread 0x00000131aa369a40 Exception <a 'java/net/SocketException'{0x000000008b59f048}: Socket is not connected: shutdown> (0x000000008b59f048) 
thrown [s\open\src\hotspot\share\prims\jni.cpp, line 535]
Event: 293.223 Thread 0x00000131aa369a40 Exception <a 'java/net/ConnectException'{0x000000008b5a0010}: Connection refused: no further information> (0x000000008b5a0010) 
thrown [s\open\src\hotspot\share\prims\jni.cpp, line 535]
Event: 293.223 Thread 0x00000131aa369a40 Exception <a 'java/net/SocketException'{0x000000008b5a0348}: Socket is not connected: shutdown> (0x000000008b5a0348) 
thrown [s\open\src\hotspot\share\prims\jni.cpp, line 535]
Event: 293.260 Thread 0x00000131aa369a40 Exception <a 'java/net/ConnectException'{0x000000008b5a1310}: Connection refused: no further information> (0x000000008b5a1310) 
thrown [s\open\src\hotspot\share\prims\jni.cpp, line 535]
Event: 293.260 Thread 0x00000131aa369a40 Exception <a 'java/net/SocketException'{0x000000008b5a1648}: Socket is not connected: shutdown> (0x000000008b5a1648) 
thrown [s\open\src\hotspot\share\prims\jni.cpp, line 535]
Event: 293.314 Thread 0x00000131aa369a40 Exception <a 'java/net/ConnectException'{0x000000008b5a2610}: Connection refused: no further information> (0x000000008b5a2610) 
thrown [s\open\src\hotspot\share\prims\jni.cpp, line 535]
Event: 293.314 Thread 0x00000131aa369a40 Exception <a 'java/net/SocketException'{0x000000008b5a2948}: Socket is not connected: shutdown> (0x000000008b5a2948) 
thrown [s\open\src\hotspot\share\prims\jni.cpp, line 535]

VM Operations (20 events):
Event: 266.913 Executing VM operation: Cleanup
Event: 266.913 Executing VM operation: Cleanup done
Event: 270.931 Executing VM operation: Cleanup
Event: 270.931 Executing VM operation: Cleanup done
Event: 272.949 Executing VM operation: Cleanup
Event: 272.950 Executing VM operation: Cleanup done
Event: 273.952 Executing VM operation: Cleanup
Event: 273.952 Executing VM operation: Cleanup done
Event: 275.961 Executing VM operation: Cleanup
Event: 275.961 Executing VM operation: Cleanup done
Event: 277.970 Executing VM operation: Cleanup
Event: 277.970 Executing VM operation: Cleanup done
Event: 292.873 Executing VM operation: G1CollectForAllocation
Event: 292.908 Executing VM operation: G1CollectForAllocation done
Event: 293.919 Executing VM operation: Cleanup
Event: 293.919 Executing VM operation: Cleanup done
Event: 296.951 Executing VM operation: Cleanup
Event: 296.951 Executing VM operation: Cleanup done
Event: 308.029 Executing VM operation: Cleanup
Event: 308.029 Executing VM operation: Cleanup done

Events (20 events):
Event: 254.864 Thread 0x00000131a81c49a0 Thread added: 0x00000131a81c49a0
Event: 254.864 Thread 0x00000131a81c6b50 Thread added: 0x00000131a81c6b50
Event: 254.897 Thread 0x00000131a81c14b0 Thread added: 0x00000131a81c14b0
Event: 254.898 Thread 0x00000131a81c7020 Thread added: 0x00000131a81c7020
Event: 255.107 Thread 0x00000131a81c5ce0 Thread added: 0x00000131a81c5ce0
Event: 260.117 Thread 0x00000131a81c5ce0 Thread exited: 0x00000131a81c5ce0
Event: 264.581 Thread 0x00000131a81c3660 Thread added: 0x00000131a81c3660
Event: 264.582 Thread 0x00000131a81c3b30 Thread added: 0x00000131a81c3b30
Event: 264.582 Thread 0x00000131a81c8360 Thread added: 0x00000131a81c8360
Event: 264.624 Thread 0x00000131a81c74f0 Thread added: 0x00000131a81c74f0
Event: 264.624 Thread 0x00000131a81c5ce0 Thread added: 0x00000131a81c5ce0
Event: 264.795 Thread 0x00000131a81c79c0 Thread added: 0x00000131a81c79c0
Event: 269.810 Thread 0x00000131a81c79c0 Thread exited: 0x00000131a81c79c0
Event: 293.158 Thread 0x00000131a81c79c0 Thread added: 0x00000131a81c79c0
Event: 293.158 Thread 0x00000131a81c8830 Thread added: 0x00000131a81c8830
Event: 293.159 Thread 0x00000131a81c8d00 Thread added: 0x00000131a81c8d00
Event: 293.206 Thread 0x00000131a81c1e50 Thread added: 0x00000131a81c1e50
Event: 293.206 Thread 0x00000131a75b11e0 Thread added: 0x00000131a75b11e0
Event: 293.398 Thread 0x00000131a75b29f0 Thread added: 0x00000131a75b29f0
Event: 298.427 Thread 0x00000131a75b29f0 Thread exited: 0x00000131a75b29f0


Dynamic libraries:
0x00007ff7d07e0000 - 0x00007ff7d07f0000 	C:\Program Files\Java\jdk-17.0.5\bin\javaw.exe
0x00007ffbf2940000 - 0x00007ffbf2b49000 	C:\Windows\SYSTEM32\ntdll.dll
0x00007ffbf0f60000 - 0x00007ffbf101e000 	C:\Windows\System32\KERNEL32.DLL
0x00007ffbeff00000 - 0x00007ffbf027b000 	C:\Windows\System32\KERNELBASE.dll
0x00007ffbf06a0000 - 0x00007ffbf07b1000 	C:\Windows\System32\ucrtbase.dll
0x00007ffbc4640000 - 0x00007ffbc465a000 	C:\Program Files\Java\jdk-17.0.5\bin\VCRUNTIME140.dll
0x00007ffbc4e50000 - 0x00007ffbc4e68000 	C:\Program Files\Java\jdk-17.0.5\bin\jli.dll
0x00007ffbf0d40000 - 0x00007ffbf0dee000 	C:\Windows\System32\ADVAPI32.dll
0x00007ffbf0b30000 - 0x00007ffbf0bd3000 	C:\Windows\System32\msvcrt.dll
0x00007ffbf0ec0000 - 0x00007ffbf0f5e000 	C:\Windows\System32\sechost.dll
0x00007ffbf08e0000 - 0x00007ffbf0a00000 	C:\Windows\System32\RPCRT4.dll
0x00007ffbf1870000 - 0x00007ffbf1a1d000 	C:\Windows\System32\USER32.dll
0x00007ffbefe10000 - 0x00007ffbefe36000 	C:\Windows\System32\win32u.dll
0x00007ffbdaaa0000 - 0x00007ffbdad45000 	C:\Windows\WinSxS\amd64_microsoft.windows.common-controls_6595b64144ccf1df_6.0.22000.120_none_9d947278b86cc467\COMCTL32.dll
0x00007ffbf0840000 - 0x00007ffbf0869000 	C:\Windows\System32\GDI32.dll
0x00007ffbf0280000 - 0x00007ffbf0398000 	C:\Windows\System32\gdi32full.dll
0x00007ffbf0580000 - 0x00007ffbf061d000 	C:\Windows\System32\msvcp_win.dll
0x00007ffbe5b70000 - 0x00007ffbe5b7a000 	C:\Windows\SYSTEM32\VERSION.dll
0x00007ffbf0d00000 - 0x00007ffbf0d32000 	C:\Windows\System32\IMM32.DLL
0x00007ffbc4630000 - 0x00007ffbc463c000 	C:\Program Files\Java\jdk-17.0.5\bin\vcruntime140_1.dll
0x00007ffbc3940000 - 0x00007ffbc39cd000 	C:\Program Files\Java\jdk-17.0.5\bin\msvcp140.dll
0x00007ffbc25b0000 - 0x00007ffbc3172000 	C:\Program Files\Java\jdk-17.0.5\bin\server\jvm.dll
0x00007ffbf11a0000 - 0x00007ffbf11a8000 	C:\Windows\System32\PSAPI.DLL
0x00007ffbd36f0000 - 0x00007ffbd36f9000 	C:\Windows\SYSTEM32\WSOCK32.dll
0x00007ffbf0ac0000 - 0x00007ffbf0b2f000 	C:\Windows\System32\WS2_32.dll
0x00007ffbed890000 - 0x00007ffbed8c3000 	C:\Windows\SYSTEM32\WINMM.dll
0x00007ffbeef10000 - 0x00007ffbeef28000 	C:\Windows\SYSTEM32\kernel.appcore.dll
0x00007ffbc4900000 - 0x00007ffbc490a000 	C:\Program Files\Java\jdk-17.0.5\bin\jimage.dll
0x00007ffbed600000 - 0x00007ffbed821000 	C:\Windows\SYSTEM32\DBGHELP.DLL
0x00007ffbed830000 - 0x00007ffbed861000 	C:\Windows\SYSTEM32\dbgcore.DLL
0x00007ffbf0620000 - 0x00007ffbf069f000 	C:\Windows\System32\bcryptPrimitives.dll
0x00007ffbc48d0000 - 0x00007ffbc48f5000 	C:\Program Files\Java\jdk-17.0.5\bin\java.dll
0x00007ffbc33b0000 - 0x00007ffbc3486000 	C:\Program Files\Java\jdk-17.0.5\bin\jsvml.dll
0x00007ffbf1be0000 - 0x00007ffbf2397000 	C:\Windows\System32\SHELL32.dll
0x00007ffbedf00000 - 0x00007ffbee765000 	C:\Windows\SYSTEM32\windows.storage.dll
0x00007ffbf14d0000 - 0x00007ffbf1848000 	C:\Windows\System32\combase.dll
0x00007ffbedd90000 - 0x00007ffbedef6000 	C:\Windows\SYSTEM32\wintypes.dll
0x00007ffbf23a0000 - 0x00007ffbf248a000 	C:\Windows\System32\SHCORE.dll
0x00007ffbf0a00000 - 0x00007ffbf0a5d000 	C:\Windows\System32\shlwapi.dll
0x00007ffbefd40000 - 0x00007ffbefd61000 	C:\Windows\SYSTEM32\profapi.dll
0x00007ffbc0640000 - 0x00007ffbc0659000 	C:\Program Files\Java\jdk-17.0.5\bin\net.dll
0x00007ffbe8620000 - 0x00007ffbe8734000 	C:\Windows\SYSTEM32\WINHTTP.dll
0x00007ffbef420000 - 0x00007ffbef487000 	C:\Windows\system32\mswsock.dll
0x00007ffbc03c0000 - 0x00007ffbc03d6000 	C:\Program Files\Java\jdk-17.0.5\bin\nio.dll
0x00007ffbc03a0000 - 0x00007ffbc03b8000 	C:\Program Files\Java\jdk-17.0.5\bin\zip.dll
0x00007ffbeeaf0000 - 0x00007ffbeebd8000 	C:\Windows\SYSTEM32\DNSAPI.dll
0x00007ffbeeac0000 - 0x00007ffbeeaed000 	C:\Windows\SYSTEM32\IPHLPAPI.DLL
0x00007ffbf10a0000 - 0x00007ffbf10a9000 	C:\Windows\System32\NSI.dll
0x00007ffbe5350000 - 0x00007ffbe535a000 	C:\Windows\System32\rasadhlp.dll
0x00007ffbe5190000 - 0x00007ffbe5211000 	C:\Windows\System32\fwpuclnt.dll
0x00007ffbef660000 - 0x00007ffbef678000 	C:\Windows\SYSTEM32\CRYPTSP.dll
0x00007ffbeee60000 - 0x00007ffbeee95000 	C:\Windows\system32\rsaenh.dll
0x00007ffbef510000 - 0x00007ffbef539000 	C:\Windows\SYSTEM32\USERENV.dll
0x00007ffbef7f0000 - 0x00007ffbef817000 	C:\Windows\SYSTEM32\bcrypt.dll
0x00007ffbef680000 - 0x00007ffbef68c000 	C:\Windows\SYSTEM32\CRYPTBASE.dll
0x00007ffbe5e60000 - 0x00007ffbe5e79000 	C:\Windows\SYSTEM32\dhcpcsvc6.DLL
0x00007ffbe6110000 - 0x00007ffbe612e000 	C:\Windows\SYSTEM32\dhcpcsvc.DLL
0x00007ffbb0d20000 - 0x00007ffbb0d30000 	C:\Program Files\Java\jdk-17.0.5\bin\verify.dll
0x00007ffbb0970000 - 0x00007ffbb0979000 	C:\Program Files\Java\jdk-17.0.5\bin\management.dll
0x00007ffbb0960000 - 0x00007ffbb096b000 	C:\Program Files\Java\jdk-17.0.5\bin\management_ext.dll
0x00007ffbc3190000 - 0x00007ffbc31a7000 	C:\Windows\system32\napinsp.dll
0x00007ffbbdef0000 - 0x00007ffbbdf0b000 	C:\Windows\system32\pnrpnsp.dll
0x00007ffbbded0000 - 0x00007ffbbdee2000 	C:\Windows\System32\winrnr.dll
0x00007ffbbdeb0000 - 0x00007ffbbdec5000 	C:\Windows\system32\wshbth.dll
0x00007ffbbde90000 - 0x00007ffbbdeaf000 	C:\Windows\system32\nlansp_c.dll
0x00007ffbb0d10000 - 0x00007ffbb0d1e000 	C:\Program Files\Java\jdk-17.0.5\bin\sunmscapi.dll
0x00007ffbf0410000 - 0x00007ffbf0572000 	C:\Windows\System32\CRYPT32.dll
0x00007ffbef7c0000 - 0x00007ffbef7e8000 	C:\Windows\SYSTEM32\ncrypt.dll
0x00007ffbef780000 - 0x00007ffbef7b7000 	C:\Windows\SYSTEM32\NTASN1.dll
0x00007ffbb0980000 - 0x00007ffbb0988000 	C:\Windows\system32\wshunix.dll
0x00007ffbeefa0000 - 0x00007ffbeefd4000 	C:\Windows\SYSTEM32\ntmarta.dll

dbghelp: loaded successfully - version: 4.0.5 - missing functions: none
symbol engine: initialized successfully - sym options: 0x614 - pdb path: .;C:\Program Files\Java\jdk-17.0.5\bin;C:\Windows\SYSTEM32;C:\Windows\WinSxS\amd64_microsoft.windows.common-controls_6595b64144ccf1df_6.0.22000.120_none_9d947278b86cc467;C:\Program Files\Java\jdk-17.0.5\bin\server

VM Arguments:
jvm_args: -ea -Dfile.encoding=UTF-8 -XX:+ShowCodeDetailsInExceptionMessages 
java_command: org.testng.remote.RemoteTestNG -serport 23041 -protocol json -d C:\Users\garvi\eclipse-workspace\RecipePage3\test-output C:\Users\garvi\eclipse-workspace\RecipePage3\testng_NotLoggedIn.xml
java_class_path (initial): C:\Users\garvi\eclipse\java-2022-09\eclipse\configuration\org.eclipse.osgi\438\0\.cp\lib\testng-remote.jar;C:\Users\garvi\eclipse-workspace\RecipePage3\target\test-classes;C:\Users\garvi\eclipse-workspace\RecipePage3\target\classes;C:\Users\garvi\.m2\repository\org\seleniumhq\selenium\selenium-java\4.5.3\selenium-java-4.5.3.jar;C:\Users\garvi\.m2\repository\org\seleniumhq\selenium\selenium-api\4.5.3\selenium-api-4.5.3.jar;C:\Users\garvi\.m2\repository\org\seleniumhq\selenium\selenium-chrome-driver\4.5.3\selenium-chrome-driver-4.5.3.jar;C:\Users\garvi\.m2\repository\com\google\auto\service\auto-service-annotations\1.0.1\auto-service-annotations-1.0.1.jar;C:\Users\garvi\.m2\repository\com\google\auto\service\auto-service\1.0.1\auto-service-1.0.1.jar;C:\Users\garvi\.m2\repository\com\google\auto\auto-common\1.2\auto-common-1.2.jar;C:\Users\garvi\.m2\repository\com\google\guava\guava\31.1-jre\guava-31.1-jre.jar;C:\Users\garvi\.m2\repository\com\google\guava\failureaccess\1.0.1\failureaccess-1.0.1.jar;C:\Users\garvi\.m2\repository\com\google\guava\listenablefuture\9999.0-empty-to-avoid-conflict-with-guava\listenablefuture-9999.0-empty-to-avoid-conflict-with-guava.jar;C:\Users\garvi\.m2\repository\org\checkerframework\checker-qual\3.12.0\checker-qual-3.12.0.jar;C:\Users\garvi\.m2\repository\com\google\errorprone\error_prone_annotations\2.11.0\error_prone_annotations-2.11.0.jar;C:\Users\garvi\.m2\repository\com\google\j2objc\j2objc-annotations\1.3\j2objc-annotations-1.3.jar;C:\Users\garvi\.m2\repository\org\seleniumhq\selenium\selenium-chromium-driver\4.5.3\selenium-chromium-driver-4.5.3.jar;C:\Users\garvi\.m2\repository\org\seleniumhq\selenium\selenium-json\4.5.3\selenium-json-4.5.3.jar;C:\Users\garvi\.m2\repository\org\seleniumhq\selenium\selenium-devtools-v104\4.5.3\selenium-devtools-v104-4.5.3.jar;C:\Users\garvi\.m2\repository\org\seleniumhq\selenium\selenium-devtools-v105\4.5.3\selenium-devtools-v105-4.5.3.jar;C:\Users\garvi\.m2\repository
Launcher Type: SUN_STANDARD

[Global flags]
     intx CICompilerCount                          = 3                                         {product} {ergonomic}
     uint ConcGCThreads                            = 1                                         {product} {ergonomic}
     uint G1ConcRefinementThreads                  = 4                                         {product} {ergonomic}
   size_t G1HeapRegionSize                         = 1048576                                   {product} {ergonomic}
    uintx GCDrainStackTargetSize                   = 64                                        {product} {ergonomic}
   size_t InitialHeapSize                          = 132120576                                 {product} {ergonomic}
   size_t MarkStackSize                            = 4194304                                   {product} {ergonomic}
   size_t MaxHeapSize                              = 2095054848                                {product} {ergonomic}
   size_t MaxNewSize                               = 1256194048                                {product} {ergonomic}
   size_t MinHeapDeltaBytes                        = 1048576                                   {product} {ergonomic}
   size_t MinHeapSize                              = 8388608                                   {product} {ergonomic}
    uintx NonNMethodCodeHeapSize                   = 5832780                                {pd product} {ergonomic}
    uintx NonProfiledCodeHeapSize                  = 122912730                              {pd product} {ergonomic}
    uintx ProfiledCodeHeapSize                     = 122912730                              {pd product} {ergonomic}
    uintx ReservedCodeCacheSize                    = 251658240                              {pd product} {ergonomic}
     bool SegmentedCodeCache                       = true                                      {product} {ergonomic}
     bool ShowCodeDetailsInExceptionMessages       = true                                   {manageable} {command line}
   size_t SoftMaxHeapSize                          = 2095054848                             {manageable} {ergonomic}
     bool UseCompressedClassPointers               = true                           {product lp64_product} {ergonomic}
     bool UseCompressedOops                        = true                           {product lp64_product} {ergonomic}
     bool UseG1GC                                  = true                                      {product} {ergonomic}
     bool UseLargePagesIndividualAllocation        = false                                  {pd product} {ergonomic}

Logging:
Log output configuration:
 #0: stdout all=warning uptime,level,tags
 #1: stderr all=off uptime,level,tags

Environment Variables:
PATH=C:\Program Files\Common Files\Oracle\Java\javapath;C:\Windows\system32;C:\Windows;C:\Windows\System32\Wbem;C:\Windows\System32\WindowsPowerShell\v1.0\;C:\Windows\System32\OpenSSH\;C:\Program Files\Maven\apache-maven-3.8.6\bin;C:\Program Files\Microsoft SQL Server\Client SDK\ODBC\170\Tools\Binn\;C:\Program Files (x86)\Microsoft SQL Server\150\Tools\Binn\;C:\Program Files\Microsoft SQL Server\150\Tools\Binn\;C:\Program Files\Microsoft SQL Server\150\DTS\Binn\;C:\Program Files (x86)\Microsoft SQL Server\150\DTS\Binn\;C:\Program Files\Azure Data Studio\bin;C:\Program Files (x86)\Micro Focus\LoadRunner\bin\Silk\Silk Performer 21.0;C:\strawberry\c\bin;C:\strawberry\perl\bin;C:\Program Files\Git\cmd;C:\Program Files\Java\jdk-17.0.5\bin;C:\Users\garvi\OneDrive - dotkonnekt\Desktop\apache-jmeter-5.5\bin;C:\Program Files\nodejs\;C:\Program Files\nodejs\node_modules;C:\Users\garvi\AppData\Local\Microsoft\WindowsApps;;C:\Program Files\Azure Data Studio\bin;C:\Users\garvi\AppData\Local\Programs\Microsoft VS Code\bin;C:\Users\garvi\AppData\Roaming\npm
USERNAME=garvi
OS=Windows_NT
PROCESSOR_IDENTIFIER=Intel64 Family 6 Model 140 Stepping 1, GenuineIntel



---------------  S Y S T E M  ---------------

OS:
 Windows 11 , 64 bit Build 22000 (10.0.22000.1335)
OS uptime: 12 days 23:29 hours

CPU: total 4 (initial active 4) (2 cores per cpu, 2 threads per core) family 6 model 140 stepping 1 microcode 0x8a, cx8, cmov, fxsr, ht, mmx, 3dnowpref, sse, sse2, sse3, ssse3, sse4.1, sse4.2, popcnt, lzcnt, tsc, tscinvbit, avx, avx2, aes, erms, clmul, bmi1, bmi2, adx, avx512f, avx512dq, avx512cd, avx512bw, avx512vl, sha, fma, vzeroupper, avx512_vpopcntdq, avx512_vpclmulqdq, avx512_vaes, avx512_vnni, clflush, clflushopt, clwb, avx512_vbmi2, avx512_vbmi

Memory: 4k page, system-wide physical 7991M (179M free)
TotalPageFile size 32567M (AvailPageFile size 0M)
current process WorkingSet (physical memory assigned to process): 102M, peak: 192M
current process commit charge ("private bytes"): 333M, peak: 351M

vm_info: Java HotSpot(TM) 64-Bit Server VM (17.0.5+9-LTS-191) for windows-amd64 JRE (17.0.5+9-LTS-191), built on Sep 13 2022 17:31:43 by "mach5one" with MS VC++ 16.8 / 16.9 (VS2019)

END.
